<?xml version="1.0" encoding="UTF-8" ?>
<testsuite tests="2" failures="1" name="dropdown.TestAngular" time="16.402" errors="0" skipped="1">
  <properties>
[...]
</properties>
  <testcase classname="dropdown.TestAngular" name="hamada" time="8.194">
    <failure message="session not created: This version of ChromeDriver only supports Chrome version 100
Current browser version is 108.0.5359.125 with binary path C:\Program Files\Google\Chrome\Application\chrome.exe
Build info: version: &apos;3.141.59&apos;, revision: &apos;e82be7d358&apos;, time: &apos;2018-11-14T08:17:03&apos;
System info: host: &apos;DESKTOP-RI9JICR&apos;, ip: &apos;10.10.10.69&apos;, os.name: &apos;Windows 10&apos;, os.arch: &apos;amd64&apos;, os.version: &apos;10.0&apos;, java.version: &apos;19.0.1&apos;
Driver info: driver.version: ChromeDriver
remote stacktrace: Backtrace:
	Ordinal0 [0x005E7413+2389011]
	Ordinal0 [0x00579F61+1941345]
	Ordinal0 [0x0046C658+837208]
	Ordinal0 [0x0048C773+968563]
	Ordinal0 [0x0048837A+951162]
	Ordinal0 [0x00485C51+941137]
	Ordinal0 [0x004B8C80+1150080]
	Ordinal0 [0x004B88DA+1149146]
	Ordinal0 [0x004B3F66+1130342]
	Ordinal0 [0x0048E546+976198]
	Ordinal0 [0x0048F456+980054]
	GetHandleVerifier [0x00799632+1727522]
	GetHandleVerifier [0x0084BA4D+2457661]
	GetHandleVerifier [0x0067EB81+569713]
	GetHandleVerifier [0x0067DD76+566118]
	Ordinal0 [0x00580B2B+1968939]
	Ordinal0 [0x00585988+1989000]
	Ordinal0 [0x00585A75+1989237]
	Ordinal0 [0x0058ECB1+2026673]
	BaseThreadInitThunk [0x769BFA29+25]
	RtlGetAppContainerNamedObjectPath [0x77B975F4+228]
	RtlGetAppContainerNamedObjectPath [0x77B975C4+180]
" type="org.openqa.selenium.SessionNotCreatedException">org.openqa.selenium.SessionNotCreatedException: session not created: This version of ChromeDriver only supports Chrome version 100
Current browser version is 108.0.5359.125 with binary path C:\Program Files\Google\Chrome\Application\chrome.exe
Build info: version: &apos;3.141.59&apos;, revision: &apos;e82be7d358&apos;, time: &apos;2018-11-14T08:17:03&apos;
System info: host: &apos;DESKTOP-RI9JICR&apos;, ip: &apos;10.10.10.69&apos;, os.name: &apos;Windows 10&apos;, os.arch: &apos;amd64&apos;, os.version: &apos;10.0&apos;, java.version: &apos;19.0.1&apos;
Driver info: driver.version: ChromeDriver
remote stacktrace: Backtrace:
	Ordinal0 [0x005E7413+2389011]
	Ordinal0 [0x00579F61+1941345]
	Ordinal0 [0x0046C658+837208]
	Ordinal0 [0x0048C773+968563]
	Ordinal0 [0x0048837A+951162]
	Ordinal0 [0x00485C51+941137]
	Ordinal0 [0x004B8C80+1150080]
	Ordinal0 [0x004B88DA+1149146]
	Ordinal0 [0x004B3F66+1130342]
	Ordinal0 [0x0048E546+976198]
	Ordinal0 [0x0048F456+980054]
	GetHandleVerifier [0x00799632+1727522]
	GetHandleVerifier [0x0084BA4D+2457661]
	GetHandleVerifier [0x0067EB81+569713]
	GetHandleVerifier [0x0067DD76+566118]
	Ordinal0 [0x00580B2B+1968939]
	Ordinal0 [0x00585988+1989000]
	Ordinal0 [0x00585A75+1989237]
	Ordinal0 [0x0058ECB1+2026673]
	BaseThreadInitThunk [0x769BFA29+25]
	RtlGetAppContainerNamedObjectPath [0x77B975F4+228]
	RtlGetAppContainerNamedObjectPath [0x77B975C4+180]

	at java.base/jdk.internal.reflect.DirectConstructorHandleAccessor.newInstance(DirectConstructorHandleAccessor.java:67)
	at java.base/java.lang.reflect.Constructor.newInstanceWithCaller(Constructor.java:500)
	at java.base/java.lang.reflect.Constructor.newInstance(Constructor.java:484)
	at org.openqa.selenium.remote.W3CHandshakeResponse.lambda$errorHandler$0(W3CHandshakeResponse.java:62)
	at org.openqa.selenium.remote.HandshakeResponse.lambda$getResponseFunction$0(HandshakeResponse.java:30)
	at org.openqa.selenium.remote.ProtocolHandshake.lambda$createSession$0(ProtocolHandshake.java:126)
	at java.base/java.util.stream.ReferencePipeline$3$1.accept(ReferencePipeline.java:197)
	at java.base/java.util.Spliterators$ArraySpliterator.tryAdvance(Spliterators.java:1016)
	at java.base/java.util.stream.ReferencePipeline.forEachWithCancel(ReferencePipeline.java:129)
	at java.base/java.util.stream.AbstractPipeline.copyIntoWithCancel(AbstractPipeline.java:527)
	at java.base/java.util.stream.AbstractPipeline.copyInto(AbstractPipeline.java:513)
	at java.base/java.util.stream.AbstractPipeline.wrapAndCopyInto(AbstractPipeline.java:499)
	at java.base/java.util.stream.FindOps$FindOp.evaluateSequential(FindOps.java:150)
	at java.base/java.util.stream.AbstractPipeline.evaluate(AbstractPipeline.java:234)
	at java.base/java.util.stream.ReferencePipeline.findFirst(ReferencePipeline.java:647)
	at org.openqa.selenium.remote.ProtocolHandshake.createSession(ProtocolHandshake.java:128)
	at org.openqa.selenium.remote.ProtocolHandshake.createSession(ProtocolHandshake.java:74)
	at org.openqa.selenium.remote.HttpCommandExecutor.execute(HttpCommandExecutor.java:136)
	at org.openqa.selenium.remote.service.DriverCommandExecutor.execute(DriverCommandExecutor.java:83)
	at org.openqa.selenium.remote.RemoteWebDriver.execute(RemoteWebDriver.java:552)
	at org.openqa.selenium.remote.RemoteWebDriver.startSession(RemoteWebDriver.java:213)
	at org.openqa.selenium.remote.RemoteWebDriver.&lt;init&gt;(RemoteWebDriver.java:131)
	at org.openqa.selenium.chrome.ChromeDriver.&lt;init&gt;(ChromeDriver.java:181)
	at org.openqa.selenium.chrome.ChromeDriver.&lt;init&gt;(ChromeDriver.java:168)
	at org.openqa.selenium.chrome.ChromeDriver.&lt;init&gt;(ChromeDriver.java:123)
	at dropdown.TestAngular.hamada(TestAngular.java:21)
</failure>
    <system-out>Configuring TestNG with: org.apache.maven.surefire.testng.conf.TestNG652Configurator@1bc6a36e
</system-out>
    <system-err>Starting ChromeDriver 100.0.4896.60 (6a5d10861ce8de5fce22564658033b43cb7de047-refs/branch-heads/4896@{#875}) on port 34900
Only local connections are allowed.
Please see https://chromedriver.chromium.org/security-considerations for suggestions on keeping ChromeDriver safe.
ChromeDriver was started successfully.
</system-err>
  </testcase>
  <testcase classname="dropdown.TestAngular" name="testAngular" time="8.208">
    <skipped/>
  </testcase>
</testsuite>